<?xml version="1.0" encoding="UTF-8"?>
<!-- Generated by org.testng.reporters.JUnitReportReporter -->
<testsuite name="com.TestCase.HomaPage_TestCase" tests="1" time="115.056" ignored="0" failures="0" timestamp="10 Jul 2017 18:02:13 GMT" skipped="0" hostname="Lenovo-PC" errors="0">
  <testcase name="homePageValidation" time="115.056" classname="com.TestCase.HomaPage_TestCase"/>
</testsuite> <!-- com.TestCase.HomaPage_TestCase -->
